<?xml version="1.0" encoding="UTF-8"?>
<!-- Generated by org.testng.reporters.JUnitReportReporter -->
<testsuite skipped="0" hostname="LAPTOP-AP49OGSV" name="firstTestNGPackage.MercuryLoginPage" tests="2" failures="0" timestamp="25 Jul 2018 09:22:00 GMT" time="20.527" errors="0">
  <testcase name="verifyLoginPage" time="9.690" classname="firstTestNGPackage.MercuryLoginPage"/>
  <testcase name="verifyLogin" time="10.837" classname="firstTestNGPackage.MercuryLoginPage"/>
</testsuite> <!-- firstTestNGPackage.MercuryLoginPage -->
