<?xml version="1.0" encoding="UTF-8"?>
<!-- Generated by org.testng.reporters.JUnitReportReporter -->
<testsuite skipped="0" hostname="LAPTOP-AP49OGSV" name="firstTestNGPackage.PriotyOfTestCases" tests="3" failures="0" timestamp="05 Aug 2018 10:27:54 GMT" time="0.016" errors="0">
  <testcase name="Registration" time="0.001" classname="firstTestNGPackage.PriotyOfTestCases"/>
  <testcase name="ChangePassword" time="0.013" classname="firstTestNGPackage.PriotyOfTestCases"/>
  <testcase name="Login" time="0.002" classname="firstTestNGPackage.PriotyOfTestCases"/>
</testsuite> <!-- firstTestNGPackage.PriotyOfTestCases -->
