<?xml version="1.0" encoding="UTF-8"?>
<!-- Generated by org.testng.reporters.JUnitReportReporter -->
<testsuite skipped="0" hostname="LAPTOP-AP49OGSV" name="firstTestNGPackage.PriotyOfTestCases" tests="3" failures="0" timestamp="06 Aug 2018 09:53:55 GMT" time="0.011" errors="0">
  <testcase name="Registration" time="0.009" classname="firstTestNGPackage.PriotyOfTestCases"/>
  <testcase name="Login" time="0.001" classname="firstTestNGPackage.PriotyOfTestCases"/>
  <testcase name="ChangePassword" time="0.001" classname="firstTestNGPackage.PriotyOfTestCases"/>
</testsuite> <!-- firstTestNGPackage.PriotyOfTestCases -->
