<?xml version="1.0" encoding="UTF-8"?>
<!-- Generated by org.testng.reporters.JUnitReportReporter -->
<testsuite skipped="0" hostname="LAPTOP-AP49OGSV" name="firstTestNGPackage.MercuryLoginPageTimeOut" tests="2" failures="0" timestamp="25 Jul 2018 09:43:30 GMT" time="24.782" errors="1">
  <testcase name="verifyLogin" time="17.261" classname="firstTestNGPackage.MercuryLoginPageTimeOut">
    <error type="org.testng.internal.thread.ThreadTimeoutException" message="Method firstTestNGPackage.MercuryLoginPageTimeOut.verifyLogin() didn&#039;t finish within the time-out 10000">
      <![CDATA[org.testng.internal.thread.ThreadTimeoutException: Method firstTestNGPackage.MercuryLoginPageTimeOut.verifyLogin() didn't finish within the time-out 10000
at java.lang.Thread.interrupt(Thread.java:919)
at org.testng.internal.InvokeMethodRunnable.runOne(InvokeMethodRunnable.java:64)
at org.testng.internal.InvokeMethodRunnable.run(InvokeMethodRunnable.java:44)
at java.util.concurrent.Executors$RunnableAdapter.call(Executors.java:511)
at java.util.concurrent.FutureTask.run(FutureTask.java:266)
at java.util.concurrent.ThreadPoolExecutor.runWorker(ThreadPoolExecutor.java:1149)
at java.util.concurrent.ThreadPoolExecutor$Worker.run(ThreadPoolExecutor.java:624)
at java.lang.Thread.run(Thread.java:748)
]]>
    </error>
  </testcase> <!-- verifyLogin -->
  <testcase name="verifyLoginPage" time="7.521" classname="firstTestNGPackage.MercuryLoginPageTimeOut"/>
</testsuite> <!-- firstTestNGPackage.MercuryLoginPageTimeOut -->
