<?xml version="1.0" encoding="UTF-8"?>
<!-- Generated by org.testng.reporters.JUnitReportReporter -->
<testsuite skipped="0" hostname="LAPTOP-AP49OGSV" name="firstTestNGPackage.FirstTestNGFile" tests="1" failures="0" timestamp="03 Aug 2018 09:01:49 GMT" time="15.401" errors="0">
  <testcase name="homePageTitle" time="15.401" classname="firstTestNGPackage.FirstTestNGFile"/>
</testsuite> <!-- firstTestNGPackage.FirstTestNGFile -->
