<?xml version="1.0" encoding="UTF-8"?>
<!-- Generated by org.testng.reporters.JUnitReportReporter -->
<testsuite skipped="0" hostname="LAPTOP-AP49OGSV" name="firstTestNGPackage.Annotations" tests="2" failures="0" timestamp="20 Aug 2018 07:50:00 GMT" time="0.016" errors="0">
  <testcase name="testCase1" time="0.016" classname="firstTestNGPackage.Annotations"/>
  <testcase name="testCase2" time="0.000" classname="firstTestNGPackage.Annotations"/>
</testsuite> <!-- firstTestNGPackage.Annotations -->
