<?xml version="1.0" encoding="UTF-8"?>
<!-- Generated by org.testng.reporters.JUnitReportReporter -->
<testsuite skipped="0" hostname="LAPTOP-AP49OGSV" name="firstTestNGPackage.MercuryLoginPageListener" tests="2" failures="0" timestamp="08 Aug 2018 10:01:54 GMT" time="16.682" errors="0">
  <testcase name="verifyLoginPage" time="8.208" classname="firstTestNGPackage.MercuryLoginPageListener"/>
  <testcase name="verifyLogin" time="8.474" classname="firstTestNGPackage.MercuryLoginPageListener"/>
</testsuite> <!-- firstTestNGPackage.MercuryLoginPageListener -->
