<?xml version="1.0" encoding="UTF-8"?>
<!-- Generated by org.testng.reporters.JUnitReportReporter -->
<testsuite skipped="1" hostname="LAPTOP-AP49OGSV" name="firstTestNGPackage.MercuryLoginPageEnable" tests="3" failures="0" timestamp="25 Jul 2018 09:33:46 GMT" time="16.955" errors="0">
  <testcase name="verifyLoginPage1" time="6.182" classname="firstTestNGPackage.MercuryLoginPageEnable"/>
  <testcase name="verifyLogin" time="10.773" classname="firstTestNGPackage.MercuryLoginPageEnable"/>
  <testcase name="verifyLoginPage" classname="firstTestNGPackage.MercuryLoginPageEnable">
    <skipped/>
  </testcase> <!-- verifyLoginPage -->
</testsuite> <!-- firstTestNGPackage.MercuryLoginPageEnable -->
