<?xml version="1.0" encoding="UTF-8"?>
<!-- Generated by org.testng.reporters.JUnitReportReporter -->
<testsuite skipped="0" hostname="LAPTOP-AP49OGSV" name="firstTestNGPackage.FirstTestNGFile" tests="1" failures="0" timestamp="25 Jul 2018 09:17:22 GMT" time="14.588" errors="0">
  <testcase name="homePageTitle" time="14.588" classname="firstTestNGPackage.FirstTestNGFile"/>
</testsuite> <!-- firstTestNGPackage.FirstTestNGFile -->
