<?xml version="1.0" encoding="UTF-8"?>
<!-- Generated by org.testng.reporters.JUnitReportReporter -->
<testsuite skipped="0" hostname="LAPTOP-AP49OGSV" name="firstTestNGPackage.MercuryLoginPage" tests="4" failures="0" timestamp="22 Sep 2018 07:16:12 GMT" time="66.297" errors="0">
  <testcase name="extentFail" time="6.237" classname="firstTestNGPackage.MercuryLoginPage"/>
  <testcase name="verifyLoginPage" time="7.132" classname="firstTestNGPackage.MercuryLoginPage"/>
  <testcase name="extentPass" time="8.930" classname="firstTestNGPackage.MercuryLoginPage"/>
  <testcase name="verifyLogin" time="43.998" classname="firstTestNGPackage.MercuryLoginPage"/>
</testsuite> <!-- firstTestNGPackage.MercuryLoginPage -->
