<?xml version="1.0" encoding="UTF-8"?>
<!-- Generated by org.testng.reporters.JUnitReportReporter -->
<testsuite skipped="0" hostname="LAPTOP-AP49OGSV" name="firstTestNGPackage.Annotations" tests="2" failures="0" timestamp="10 Aug 2018 10:31:14 GMT" time="0.010" errors="0">
  <testcase name="testCase2" time="0.003" classname="firstTestNGPackage.Annotations"/>
  <testcase name="testCase1" time="0.007" classname="firstTestNGPackage.Annotations"/>
</testsuite> <!-- firstTestNGPackage.Annotations -->
