<?xml version="1.0" encoding="UTF-8"?>
<!-- Generated by org.testng.reporters.JUnitReportReporter -->
<testsuite skipped="0" hostname="LAPTOP-AP49OGSV" name="firstTestNGPackage.Annotations" tests="2" failures="0" timestamp="25 Jul 2018 09:13:35 GMT" time="0.007" errors="0">
  <testcase name="testCase1" time="0.006" classname="firstTestNGPackage.Annotations"/>
  <testcase name="testCase2" time="0.001" classname="firstTestNGPackage.Annotations"/>
</testsuite> <!-- firstTestNGPackage.Annotations -->
