<?xml version="1.0" encoding="UTF-8"?>
<!-- Generated by org.testng.reporters.JUnitReportReporter -->
<testsuite skipped="0" hostname="LAPTOP-AP49OGSV" name="firstTestNGPackage.MercuryLoginPage_ExtentReportEx" tests="4" failures="0" timestamp="27 Sep 2018 10:55:43 GMT" time="209.197" errors="0">
  <testcase name="verifyLogin" time="46.152" classname="firstTestNGPackage.MercuryLoginPage_ExtentReportEx"/>
  <testcase name="extentFail" time="8.127" classname="firstTestNGPackage.MercuryLoginPage_ExtentReportEx"/>
  <testcase name="extentPass" time="138.689" classname="firstTestNGPackage.MercuryLoginPage_ExtentReportEx"/>
  <testcase name="verifyLoginPage" time="16.229" classname="firstTestNGPackage.MercuryLoginPage_ExtentReportEx"/>
</testsuite> <!-- firstTestNGPackage.MercuryLoginPage_ExtentReportEx -->
