<?xml version="1.0" encoding="UTF-8"?>
<!-- Generated by org.testng.reporters.JUnitReportReporter -->
<testsuite skipped="1" hostname="LAPTOP-AP49OGSV" name="firstTestNGPackage.MercuryLoginPageEnable" tests="3" failures="0" timestamp="08 Aug 2018 09:33:26 GMT" time="19.083" errors="0">
  <testcase name="verifyLoginPage1" time="7.034" classname="firstTestNGPackage.MercuryLoginPageEnable"/>
  <testcase name="verifyLogin" time="12.049" classname="firstTestNGPackage.MercuryLoginPageEnable"/>
  <testcase name="verifyLoginPage" classname="firstTestNGPackage.MercuryLoginPageEnable">
    <skipped/>
  </testcase> <!-- verifyLoginPage -->
</testsuite> <!-- firstTestNGPackage.MercuryLoginPageEnable -->
