<?xml version="1.0" encoding="UTF-8"?>
<!-- Generated by org.testng.reporters.JUnitReportReporter -->
<testsuite skipped="0" hostname="LAPTOP-AP49OGSV" name="TestNGExample" tests="2" failures="0" timestamp="03 Aug 2018 09:58:14 GMT" time="0.013" errors="0">
  <testcase name="testCase1" time="0.011" classname="TestNGExample"/>
  <testcase name="testCase2" time="0.002" classname="TestNGExample"/>
</testsuite> <!-- TestNGExample -->
