<?xml version="1.0" encoding="UTF-8"?>
<!-- Generated by org.testng.reporters.JUnitReportReporter -->
<testsuite skipped="0" hostname="LAPTOP-AP49OGSV" name="firstTestNGPackage.MercuryLoginPageListener" tests="2" failures="0" timestamp="25 Jul 2018 09:36:19 GMT" time="23.537" errors="0">
  <testcase name="verifyLoginPage" time="8.201" classname="firstTestNGPackage.MercuryLoginPageListener"/>
  <testcase name="verifyLogin" time="15.336" classname="firstTestNGPackage.MercuryLoginPageListener"/>
</testsuite> <!-- firstTestNGPackage.MercuryLoginPageListener -->
