<?xml version="1.0" encoding="UTF-8"?>
<!-- Generated by org.testng.reporters.JUnitReportReporter -->
<testsuite skipped="0" hostname="LAPTOP-AP49OGSV" name="firstTestNGPackage.MercuryLoginPage" tests="2" failures="0" timestamp="06 Jul 2019 00:36:39 GMT" time="24.182" errors="0">
  <testcase name="verifyLogin" time="17.628" classname="firstTestNGPackage.MercuryLoginPage"/>
  <testcase name="verifyLoginPage" time="6.554" classname="firstTestNGPackage.MercuryLoginPage"/>
</testsuite> <!-- firstTestNGPackage.MercuryLoginPage -->
