<?xml version="1.0" encoding="UTF-8"?>
<!-- Generated by org.testng.reporters.JUnitReportReporter -->
<testsuite skipped="0" hostname="LAPTOP-AP49OGSV" name="firstTestNGPackage.MercuryLoginPageCrossBrowser" tests="2" failures="0" timestamp="08 Aug 2018 09:45:56 GMT" time="17.530" errors="0">
  <testcase name="verifyLogin" time="10.444" classname="firstTestNGPackage.MercuryLoginPageCrossBrowser"/>
  <testcase name="verifyLoginPage" time="7.086" classname="firstTestNGPackage.MercuryLoginPageCrossBrowser"/>
</testsuite> <!-- firstTestNGPackage.MercuryLoginPageCrossBrowser -->
