<?xml version="1.0" encoding="UTF-8"?>
<!-- Generated by org.testng.reporters.JUnitReportReporter -->
<testsuite skipped="0" hostname="LAPTOP-AP49OGSV" name="firstTestNGPackage.ParameterEx" tests="1" failures="0" timestamp="08 Aug 2018 09:42:47 GMT" time="7.983" errors="0">
  <testcase name="verifyLogin" time="7.983" classname="firstTestNGPackage.ParameterEx"/>
</testsuite> <!-- firstTestNGPackage.ParameterEx -->
