<?xml version="1.0" encoding="UTF-8"?>
<!-- Generated by org.testng.reporters.JUnitReportReporter -->
<testsuite skipped="0" hostname="LAPTOP-AP49OGSV" name="firstTestNGPackage.MercuryLoginPageCrossBrowser" tests="2" failures="0" timestamp="25 Jul 2018 09:29:24 GMT" time="20.366" errors="0">
  <testcase name="verifyLogin" time="9.850" classname="firstTestNGPackage.MercuryLoginPageCrossBrowser"/>
  <testcase name="verifyLoginPage" time="10.516" classname="firstTestNGPackage.MercuryLoginPageCrossBrowser"/>
</testsuite> <!-- firstTestNGPackage.MercuryLoginPageCrossBrowser -->
