<?xml version="1.0" encoding="UTF-8"?>
<!-- Generated by org.testng.reporters.JUnitReportReporter -->
<testsuite skipped="0" hostname="LAPTOP-AP49OGSV" name="firstTestNGPackage.FirstTestNGFile" tests="1" failures="0" timestamp="10 Aug 2018 10:31:14 GMT" time="9.453" errors="0">
  <testcase name="homePageTitle" time="9.453" classname="firstTestNGPackage.FirstTestNGFile"/>
</testsuite> <!-- firstTestNGPackage.FirstTestNGFile -->
