<?xml version="1.0" encoding="UTF-8"?>
<!-- Generated by org.testng.reporters.JUnitReportReporter -->
<testsuite skipped="0" hostname="LAPTOP-AP49OGSV" name="firstTestNGPackage.MercuryLoginPage" tests="2" failures="0" timestamp="10 Aug 2018 10:31:14 GMT" time="19.004" errors="0">
  <testcase name="verifyLoginPage" time="8.414" classname="firstTestNGPackage.MercuryLoginPage"/>
  <testcase name="verifyLogin" time="10.590" classname="firstTestNGPackage.MercuryLoginPage"/>
</testsuite> <!-- firstTestNGPackage.MercuryLoginPage -->
