<?xml version="1.0" encoding="UTF-8"?>
<!-- Generated by org.testng.reporters.JUnitReportReporter -->
<testsuite skipped="0" hostname="LAPTOP-AP49OGSV" name="firstTestNGPackage.MercuryLoginPageGrpIds1" tests="1" failures="0" timestamp="08 Aug 2018 09:55:01 GMT" time="6.612" errors="0">
  <testcase name="verifyLoginPage" time="6.612" classname="firstTestNGPackage.MercuryLoginPageGrpIds1"/>
</testsuite> <!-- firstTestNGPackage.MercuryLoginPageGrpIds1 -->
