<?xml version="1.0" encoding="UTF-8"?>
<!-- Generated by org.testng.reporters.JUnitReportReporter -->
<testsuite skipped="0" hostname="LAPTOP-AP49OGSV" name="firstTestNGPackage.MercuryLoginPageGrpIds" tests="2" failures="0" timestamp="08 Aug 2018 09:55:22 GMT" time="0.009" errors="0">
  <testcase name="verifyLoginPage1" time="0.001" classname="firstTestNGPackage.MercuryLoginPageGrpIds"/>
  <testcase name="verifyLoginPage" time="0.008" classname="firstTestNGPackage.MercuryLoginPageGrpIds"/>
</testsuite> <!-- firstTestNGPackage.MercuryLoginPageGrpIds -->
