<?xml version="1.0" encoding="UTF-8"?>
<!-- Generated by org.testng.reporters.JUnitReportReporter -->
<testsuite skipped="0" hostname="LAPTOP-AP49OGSV" name="firstTestNGPackage.ParameterEx" tests="1" failures="0" timestamp="25 Jul 2018 09:58:47 GMT" time="13.812" errors="0">
  <testcase name="verifyLogin" time="13.812" classname="firstTestNGPackage.ParameterEx"/>
</testsuite> <!-- firstTestNGPackage.ParameterEx -->
